Traceback (most recent call last):
  File "/opt/hostedtoolcache/Python/3.7.12/x64/lib/python3.7/site-packages/jupyter_cache/executors/utils.py", line 56, in single_nb_execution
    record_timing=False,
  File "/opt/hostedtoolcache/Python/3.7.12/x64/lib/python3.7/site-packages/nbclient/client.py", line 1093, in execute
    return NotebookClient(nb=nb, resources=resources, km=km, **kwargs).execute()
  File "/opt/hostedtoolcache/Python/3.7.12/x64/lib/python3.7/site-packages/nbclient/util.py", line 84, in wrapped
    return just_run(coro(*args, **kwargs))
  File "/opt/hostedtoolcache/Python/3.7.12/x64/lib/python3.7/site-packages/nbclient/util.py", line 62, in just_run
    return loop.run_until_complete(coro)
  File "/opt/hostedtoolcache/Python/3.7.12/x64/lib/python3.7/asyncio/base_events.py", line 587, in run_until_complete
    return future.result()
  File "/opt/hostedtoolcache/Python/3.7.12/x64/lib/python3.7/site-packages/nbclient/client.py", line 560, in async_execute
    cell, index, execution_count=self.code_cells_executed + 1
  File "/opt/hostedtoolcache/Python/3.7.12/x64/lib/python3.7/site-packages/nbclient/client.py", line 854, in async_execute_cell
    self._check_raise_for_error(cell, exec_reply)
  File "/opt/hostedtoolcache/Python/3.7.12/x64/lib/python3.7/site-packages/nbclient/client.py", line 756, in _check_raise_for_error
    raise CellExecutionError.from_cell_and_msg(cell, exec_reply_content)
nbclient.exceptions.CellExecutionError: An error occurred while executing the following cell:
------------------
import numpy as np
from sklearn.datasets import fetch_california_housing
from sklearn.model_selection import train_test_split
from sklearn.preprocessing import StandardScaler, MinMaxScaler
from sklearn.decomposition import PCA
from sklearn.gaussian_process import GaussianProcessRegressor
from sklearn.gaussian_process.kernels import RBF, Matern, ConstantKernel, WhiteKernel
from sklearn.metrics import r2_score, mean_squared_error, mean_absolute_error
import gpflow
import tensorflow as tf
import matplotlib.pyplot as plt
from gpflow.ci_utils import ci_niter
import time


# load data
housing_dataset = fetch_california_housing()

# use first feature (median income) as additional label
X = housing_dataset["data"]#[:, 1:]
#y = np.stack((housing_dataset["target"], housing_dataset["data"][:, 0]), axis=1)
y = housing_dataset["target"].reshape(-1, 1) #als Übung
# split data (50% train and 50% test)
# training: 10320 samples, test: 10320 samples
X_train, X_test, y_train, y_test = train_test_split(X, y, test_size=0.5, random_state=42)

# scale data
scalerX, scalery = StandardScaler(), StandardScaler()
X_train_ = scalerX.fit_transform(X_train)
y_train_ = scalery.fit_transform(y_train)

------------------

[0;31m---------------------------------------------------------------------------[0m
[0;31mModuleNotFoundError[0m                       Traceback (most recent call last)
[0;32m/tmp/ipykernel_1755/3395252877.py[0m in [0;36m<module>[0;34m[0m
[1;32m      7[0m [0;32mfrom[0m [0msklearn[0m[0;34m.[0m[0mgaussian_process[0m[0;34m.[0m[0mkernels[0m [0;32mimport[0m [0mRBF[0m[0;34m,[0m [0mMatern[0m[0;34m,[0m [0mConstantKernel[0m[0;34m,[0m [0mWhiteKernel[0m[0;34m[0m[0;34m[0m[0m
[1;32m      8[0m [0;32mfrom[0m [0msklearn[0m[0;34m.[0m[0mmetrics[0m [0;32mimport[0m [0mr2_score[0m[0;34m,[0m [0mmean_squared_error[0m[0;34m,[0m [0mmean_absolute_error[0m[0;34m[0m[0;34m[0m[0m
[0;32m----> 9[0;31m [0;32mimport[0m [0mgpflow[0m[0;34m[0m[0;34m[0m[0m
[0m[1;32m     10[0m [0;32mimport[0m [0mtensorflow[0m [0;32mas[0m [0mtf[0m[0;34m[0m[0;34m[0m[0m
[1;32m     11[0m [0;32mimport[0m [0mmatplotlib[0m[0;34m.[0m[0mpyplot[0m [0;32mas[0m [0mplt[0m[0;34m[0m[0;34m[0m[0m

[0;31mModuleNotFoundError[0m: No module named 'gpflow'
ModuleNotFoundError: No module named 'gpflow'

