\BOOKMARK [-1][-]{part.1}{I\040Preface}{}% 1
\BOOKMARK [0][-]{chapter.1}{Preface}{part.1}% 2
\BOOKMARK [0][-]{chapter.2}{Notation}{part.1}% 3
\BOOKMARK [-1][-]{part.2}{II\040Fundamentals}{}% 4
\BOOKMARK [0][-]{chapter.3}{Fundamentals\040of\040Probability\040Theory}{part.2}% 5
\BOOKMARK [1][-]{section.3.1}{Probability\040Spaces}{chapter.3}% 6
\BOOKMARK [1][-]{section.3.2}{Continuous\040Probability\040Spaces}{chapter.3}% 7
\BOOKMARK [1][-]{section.3.3}{Random\040Variables}{chapter.3}% 8
\BOOKMARK [1][-]{section.3.4}{Independence}{chapter.3}% 9
\BOOKMARK [1][-]{section.3.5}{Important\040Probability\040Distributions}{chapter.3}% 10
\BOOKMARK [0][-]{chapter.4}{Bayesian\040vs.\040Frequentists\040View}{part.2}% 11
\BOOKMARK [1][-]{section.4.1}{Bayes’ Theorem}{chapter.4}% 12
\BOOKMARK [0][-]{chapter.5}{MLE,\040MAP\040&\040Bayesian\040Inference}{part.2}% 13
\BOOKMARK [1][-]{section.5.1}{Bayesian\040Inference}{chapter.5}% 14
\BOOKMARK [1][-]{section.5.2}{Maximum\040Likelihood\040Estimation\040\(MLE\)}{chapter.5}% 15
\BOOKMARK [1][-]{section.5.3}{Maximum\040A-posteriori\040Method\040\(MAP\)}{chapter.5}% 16
\BOOKMARK [0][-]{chapter.6}{An\040illustrative\040example\040for\040MLE\040and\040MAP:\040Linear\040Regression}{part.2}% 17
\BOOKMARK [1][-]{section.6.1}{Ordinary\040Least\040Squares}{chapter.6}% 18
\BOOKMARK [1][-]{section.6.2}{Ridge\040Regression}{chapter.6}% 19
\BOOKMARK [1][-]{section.6.3}{LASSO}{chapter.6}% 20
\BOOKMARK [0][-]{chapter.7}{Optimization\040Methods}{part.2}% 21
\BOOKMARK [0][-]{chapter.8}{Machine\040Learning\040Workflow}{part.2}% 22
\BOOKMARK [-1][-]{part.3}{III\040Probabilistic\040Machine\040Learning}{}% 23
\BOOKMARK [0][-]{chapter.9}{Motivation\040of\040Probabilistic\040Models}{part.3}% 24
\BOOKMARK [0][-]{chapter.10}{Kernel-based\040Methods}{part.3}% 25
\BOOKMARK [1][-]{section.10.1}{Gaussian\040Processes}{chapter.10}% 26
\BOOKMARK [1][-]{section.10.2}{Additional\040Kernel-based\040Methods}{chapter.10}% 27
\BOOKMARK [0][-]{chapter.11}{Overview\040of\040Further\040Probabilistic\040Models}{part.3}% 28
\BOOKMARK [-1][-]{part.4}{IV\040Applications}{}% 29
\BOOKMARK [0][-]{chapter.12}{Bayesian\040Optimization}{part.4}% 30
\BOOKMARK [0][-]{chapter.13}{Quantification\040of\040design\040uncertainty}{part.4}% 31
\BOOKMARK [0][-]{chapter.14}{Data-efficient\040Reinforcement\040Learning}{part.4}% 32
